# JRE version: OpenJDK Runtime Environment Temurin-17.0.8+7 (17.0.8+7) (build 17.0.8+7)
# Java VM: OpenJDK 64-Bit Server VM Temurin-17.0.8+7 (17.0.8+7, mixed mode, tiered, compressed oops, compressed class ptrs, g1 gc, windows-amd64)
GC Precious Log:
 CPUs: 8 total, 8 available
 Memory: 8124M
 Large Page Support: Disabled
 NUMA Support: Disabled
 Compressed Oops: Enabled (32-bit)
 Heap Region Size: 1M
 Heap Min Capacity: 256M
 Heap Initial Capacity: 256M
 Heap Max Capacity: 2G
 Pre-touch: Disabled
 Parallel Workers: 8
 Concurrent Workers: 2
 Concurrent Refinement Workers: 8
 Periodic GC: Disabled
 String Deduplication is enabled
Heap:
 garbage-first heap   total 432128K, used 262144K [0x0000000080000000, 0x0000000100000000)
  region size 1024K, 16 young (16384K), 16 survivors (16384K)
 Metaspace       used 114895K, committed 117568K, reserved 1179648K
  class space    used 13564K, committed 14592K, reserved 1048576K
GC Heap History (20 events):
Event: 322.116 GC heap after
{Heap after GC invocations=20 (full 0):
 garbage-first heap   total 262144K, used 107113K [0x0000000080000000, 0x0000000100000000)
  region size 1024K, 14 young (14336K), 14 survivors (14336K)
 Metaspace       used 114330K, committed 116992K, reserved 1179648K
  class space    used 13507K, committed 14528K, reserved 1048576K
}
Event: 322.610 GC heap before
{Heap before GC invocations=20 (full 0):
 garbage-first heap   total 262144K, used 204393K [0x0000000080000000, 0x0000000100000000)
  region size 1024K, 109 young (111616K), 14 survivors (14336K)
 Metaspace       used 114348K, committed 116992K, reserved 1179648K
  class space    used 13508K, committed 14528K, reserved 1048576K
}
Event: 322.625 GC heap after
{Heap after GC invocations=21 (full 0):
 garbage-first heap   total 262144K, used 121707K [0x0000000080000000, 0x0000000100000000)
  region size 1024K, 14 young (14336K), 14 survivors (14336K)
 Metaspace       used 114348K, committed 116992K, reserved 1179648K
  class space    used 13508K, committed 14528K, reserved 1048576K
}
Event: 323.066 GC heap before
{Heap before GC invocations=21 (full 0):
 garbage-first heap   total 262144K, used 206699K [0x0000000080000000, 0x0000000100000000)
  region size 1024K, 97 young (99328K), 14 survivors (14336K)
 Metaspace       used 114374K, committed 116992K, reserved 1179648K
  class space    used 13512K, committed 14528K, reserved 1048576K
}
Event: 323.081 GC heap after
{Heap after GC invocations=22 (full 0):
 garbage-first heap   total 262144K, used 135901K [0x0000000080000000, 0x0000000100000000)
  region size 1024K, 13 young (13312K), 13 survivors (13312K)
 Metaspace       used 114374K, committed 116992K, reserved 1179648K
  class space    used 13512K, committed 14528K, reserved 1048576K
}
Event: 323.474 GC heap before
{Heap before GC invocations=22 (full 0):
 garbage-first heap   total 262144K, used 209629K [0x0000000080000000, 0x0000000100000000)
  region size 1024K, 85 young (87040K), 13 survivors (13312K)
 Metaspace       used 114411K, committed 117056K, reserved 1179648K
  class space    used 13513K, committed 14528K, reserved 1048576K
}
Event: 323.486 GC heap after
{Heap after GC invocations=23 (full 0):
 garbage-first heap   total 262144K, used 146912K [0x0000000080000000, 0x0000000100000000)
  region size 1024K, 11 young (11264K), 11 survivors (11264K)
 Metaspace       used 114411K, committed 117056K, reserved 1179648K
  class space    used 13513K, committed 14528K, reserved 1048576K
}
Event: 323.886 GC heap before
{Heap before GC invocations=24 (full 0):
 garbage-first heap   total 273408K, used 208352K [0x0000000080000000, 0x0000000100000000)
  region size 1024K, 74 young (75776K), 11 survivors (11264K)
 Metaspace       used 114412K, committed 117056K, reserved 1179648K
  class space    used 13513K, committed 14528K, reserved 1048576K
}
Event: 323.898 GC heap after
{Heap after GC invocations=25 (full 0):
 garbage-first heap   total 273408K, used 153377K [0x0000000080000000, 0x0000000100000000)
  region size 1024K, 10 young (10240K), 10 survivors (10240K)
 Metaspace       used 114412K, committed 117056K, reserved 1179648K
  class space    used 13513K, committed 14528K, reserved 1048576K
}
Event: 323.915 GC heap before
{Heap before GC invocations=25 (full 0):
 garbage-first heap   total 273408K, used 156449K [0x0000000080000000, 0x0000000100000000)
  region size 1024K, 13 young (13312K), 10 survivors (10240K)
 Metaspace       used 114412K, committed 117056K, reserved 1179648K
  class space    used 13513K, committed 14528K, reserved 1048576K
}
Event: 323.923 GC heap after
{Heap after GC invocations=26 (full 0):
 garbage-first heap   total 432128K, used 147939K [0x0000000080000000, 0x0000000100000000)
  region size 1024K, 2 young (2048K), 2 survivors (2048K)
 Metaspace       used 114412K, committed 117056K, reserved 1179648K
  class space    used 13513K, committed 14528K, reserved 1048576K
}
Event: 324.859 GC heap before
{Heap before GC invocations=26 (full 0):
 garbage-first heap   total 432128K, used 331235K [0x0000000080000000, 0x0000000100000000)
  region size 1024K, 179 young (183296K), 2 survivors (2048K)
 Metaspace       used 114512K, committed 117184K, reserved 1179648K
  class space    used 13518K, committed 14528K, reserved 1048576K
}
Event: 324.875 GC heap after
{Heap after GC invocations=27 (full 0):
 garbage-first heap   total 432128K, used 175104K [0x0000000080000000, 0x0000000100000000)
  region size 1024K, 23 young (23552K), 23 survivors (23552K)
 Metaspace       used 114512K, committed 117184K, reserved 1179648K
  class space    used 13518K, committed 14528K, reserved 1048576K
}
Event: 325.415 GC heap before
{Heap before GC invocations=27 (full 0):
 garbage-first heap   total 432128K, used 332800K [0x0000000080000000, 0x0000000100000000)
  region size 1024K, 177 young (181248K), 23 survivors (23552K)
 Metaspace       used 114513K, committed 117184K, reserved 1179648K
  class space    used 13518K, committed 14528K, reserved 1048576K
}
Event: 325.437 GC heap after
{Heap after GC invocations=28 (full 0):
 garbage-first heap   total 432128K, used 198969K [0x0000000080000000, 0x0000000100000000)
  region size 1024K, 23 young (23552K), 23 survivors (23552K)
 Metaspace       used 114513K, committed 117184K, reserved 1179648K
  class space    used 13518K, committed 14528K, reserved 1048576K
}
Event: 325.912 GC heap before
{Heap before GC invocations=28 (full 0):
 garbage-first heap   total 432128K, used 344377K [0x0000000080000000, 0x0000000100000000)
  region size 1024K, 161 young (164864K), 23 survivors (23552K)
 Metaspace       used 114525K, committed 117184K, reserved 1179648K
  class space    used 13519K, committed 14528K, reserved 1048576K
}
Event: 325.934 GC heap after
{Heap after GC invocations=29 (full 0):
 garbage-first heap   total 432128K, used 225280K [0x0000000080000000, 0x0000000100000000)
  region size 1024K, 21 young (21504K), 21 survivors (21504K)
 Metaspace       used 114525K, committed 117184K, reserved 1179648K
  class space    used 13519K, committed 14528K, reserved 1048576K
}
Event: 326.412 GC heap before
{Heap before GC invocations=29 (full 0):
 garbage-first heap   total 432128K, used 346112K [0x0000000080000000, 0x0000000100000000)
  region size 1024K, 140 young (143360K), 21 survivors (21504K)
 Metaspace       used 114894K, committed 117568K, reserved 1179648K
  class space    used 13564K, committed 14592K, reserved 1048576K
}
Event: 326.431 GC heap after
{Heap after GC invocations=30 (full 0):
 garbage-first heap   total 432128K, used 245248K [0x0000000080000000, 0x0000000100000000)
  region size 1024K, 18 young (18432K), 18 survivors (18432K)
 Metaspace       used 114894K, committed 117568K, reserved 1179648K
  class space    used 13564K, committed 14592K, reserved 1048576K
}
Event: 326.812 GC heap before
{Heap before GC invocations=30 (full 0):
 garbage-first heap   total 432128K, used 351744K [0x0000000080000000, 0x0000000100000000)
  region size 1024K, 122 young (124928K), 18 survivors (18432K)
 Metaspace       used 114895K, committed 117568K, reserved 1179648K
  class space    used 13564K, committed 14592K, reserved 1048576K
}

